2012/10/15 19:12:41 [info] [application] $_SERVER=array (
  'TERM_PROGRAM' => 'Apple_Terminal',
  'rvm_bin_path' => '/Users/farandal/.rvm/bin',
  'GEM_HOME' => '/Users/farandal/.rvm/gems/ruby-1.9.3-p194',
  'SHELL' => '/bin/bash',
  'TERM' => 'xterm-256color',
  'TMPDIR' => '/var/folders/f7/536w0mwn0l3358g3qb47shdw0000gn/T/',
  'IRBRC' => '/Users/farandal/.rvm/rubies/ruby-1.9.3-p194/.irbrc',
  'Apple_PubSub_Socket_Render' => '/tmp/launch-fjgP1j/Render',
  'TERM_PROGRAM_VERSION' => '303.2',
  'TERM_SESSION_ID' => 'F9FDCEDE-0D22-482B-931B-A0B254ADB79E',
  'MY_RUBY_HOME' => '/Users/farandal/.rvm/rubies/ruby-1.9.3-p194',
  'USER' => 'farandal',
  'COMMAND_MODE' => 'unix2003',
  '__array_start' => '0',
  'rvm_path' => '/Users/farandal/.rvm',
  'SSH_AUTH_SOCK' => '/tmp/launch-AIhO2l/Listeners',
  'Apple_Ubiquity_Message' => '/tmp/launch-AJYx1L/Apple_Ubiquity_Message',
  '__CF_USER_TEXT_ENCODING' => '0x1F5:0:86
',
  'escape_flag' => '1',
  'rvm_prefix' => '/Users/farandal',
  'PATH' => '/Library/Frameworks/Python.framework/Versions/2.7/bin:/opt/local/bin:/opt/local/sbin:/opt/local/bin:/opt/local/sbin:/Users/farandal/.rvm/gems/ruby-1.9.3-p194/bin:/Users/farandal/.rvm/gems/ruby-1.9.3-p194@global/bin:/Users/farandal/.rvm/rubies/ruby-1.9.3-p194/bin:/Users/farandal/.rvm/bin:/usr/bin:/bin:/usr/sbin:/sbin:/usr/local/bin:/usr/X11/bin:/Applications/XAMMP/xammpfiles/bin:/Applications/XAMPP/xamppfiles/bin/mysql:/Users/farandal/android-sdk-macosx/tools',
  '_' => '/usr/bin/php',
  'PWD' => '/Users/farandal/Speedelo/public',
  '_second' => '1',
  'rvm_version' => '1.14.1 (stable)',
  'HOME' => '/Users/farandal',
  'SHLVL' => '2',
  'LOGNAME' => 'farandal',
  '_first' => '0',
  'LC_CTYPE' => 'UTF-8',
  'GEM_PATH' => '/Users/farandal/.rvm/gems/ruby-1.9.3-p194:/Users/farandal/.rvm/gems/ruby-1.9.3-p194@global',
  'DISPLAY' => '/tmp/launch-avDxng/org.x:0',
  'SECURITYSESSIONID' => '186a5',
  'RUBY_VERSION' => 'ruby-1.9.3-p194',
  'PHP_SELF' => '/Users/farandal/Speedelo/YiiBackboneBoilerplate/common/lib/../../yiic',
  'SCRIPT_NAME' => '/Users/farandal/Speedelo/YiiBackboneBoilerplate/common/lib/../../yiic',
  'SCRIPT_FILENAME' => '/Users/farandal/Speedelo/YiiBackboneBoilerplate/common/lib/../../yiic',
  'PATH_TRANSLATED' => '/Users/farandal/Speedelo/YiiBackboneBoilerplate/common/lib/../../yiic',
  'DOCUMENT_ROOT' => '',
  'REQUEST_TIME' => 1350328361,
  'argv' => 
  array (
    0 => '/Users/farandal/Speedelo/YiiBackboneBoilerplate/common/lib/../../yiic',
    1 => 'migrate',
    2 => '--interactive=0',
  ),
  'argc' => 3,
)
2012/10/15 19:12:41 [error] [exception.CDbException] exception 'CDbException' with message 'CDbConnection.connectionString cannot be empty.' in /Users/farandal/Speedelo/YiiBackboneBoilerplate/common/lib/Yii/db/CDbConnection.php:370
Stack trace:
#0 /Users/farandal/Speedelo/YiiBackboneBoilerplate/common/lib/Yii/db/CDbConnection.php(331): CDbConnection->open()
#1 /Users/farandal/Speedelo/YiiBackboneBoilerplate/common/lib/Yii/db/CDbConnection.php(309): CDbConnection->setActive(true)
#2 /Users/farandal/Speedelo/YiiBackboneBoilerplate/common/lib/Yii/base/CModule.php(388): CDbConnection->init()
#3 /Users/farandal/Speedelo/YiiBackboneBoilerplate/common/lib/Yii/cli/commands/MigrateCommand.php(443): CModule->getComponent('db')
#4 /Users/farandal/Speedelo/YiiBackboneBoilerplate/common/lib/Yii/cli/commands/MigrateCommand.php(452): MigrateCommand->getDbConnection()
#5 /Users/farandal/Speedelo/YiiBackboneBoilerplate/common/lib/Yii/cli/commands/MigrateCommand.php(483): MigrateCommand->getMigrationHistory(-1)
#6 /Users/farandal/Speedelo/YiiBackboneBoilerplate/common/lib/Yii/cli/commands/MigrateCommand.php(85): MigrateCommand->getNewMigrations()
#7 [internal function]: MigrateCommand->actionUp(Array)
#8 /Users/farandal/Speedelo/YiiBackboneBoilerplate/common/lib/Yii/console/CConsoleCommand.php(173): ReflectionMethod->invokeArgs(Object(MigrateCommand), Array)
#9 /Users/farandal/Speedelo/YiiBackboneBoilerplate/common/lib/Yii/console/CConsoleCommandRunner.php(68): CConsoleCommand->run(Array)
#10 /Users/farandal/Speedelo/YiiBackboneBoilerplate/common/lib/Yii/console/CConsoleApplication.php(92): CConsoleCommandRunner->run(Array)
#11 /Users/farandal/Speedelo/YiiBackboneBoilerplate/common/lib/Yii/base/CApplication.php(162): CConsoleApplication->processRequest()
#12 /Users/farandal/Speedelo/YiiBackboneBoilerplate/common/lib/Yii/yiic.php(34): CApplication->run()
#13 /Users/farandal/Speedelo/YiiBackboneBoilerplate/console/yiic.php(15): require_once('/Users/farandal...')
#14 /Users/farandal/Speedelo/YiiBackboneBoilerplate/yiic(3): require_once('/Users/farandal...')
#15 {main}
---
2012/10/15 19:15:57 [info] [application] $_SERVER=array (
  'TERM_PROGRAM' => 'Apple_Terminal',
  'rvm_bin_path' => '/Users/farandal/.rvm/bin',
  'GEM_HOME' => '/Users/farandal/.rvm/gems/ruby-1.9.3-p194',
  'SHELL' => '/bin/bash',
  'TERM' => 'xterm-256color',
  'TMPDIR' => '/var/folders/f7/536w0mwn0l3358g3qb47shdw0000gn/T/',
  'IRBRC' => '/Users/farandal/.rvm/rubies/ruby-1.9.3-p194/.irbrc',
  'Apple_PubSub_Socket_Render' => '/tmp/launch-fjgP1j/Render',
  'TERM_PROGRAM_VERSION' => '303.2',
  'TERM_SESSION_ID' => 'F9FDCEDE-0D22-482B-931B-A0B254ADB79E',
  'MY_RUBY_HOME' => '/Users/farandal/.rvm/rubies/ruby-1.9.3-p194',
  'USER' => 'farandal',
  'COMMAND_MODE' => 'unix2003',
  '__array_start' => '0',
  'rvm_path' => '/Users/farandal/.rvm',
  'SSH_AUTH_SOCK' => '/tmp/launch-AIhO2l/Listeners',
  'Apple_Ubiquity_Message' => '/tmp/launch-AJYx1L/Apple_Ubiquity_Message',
  '__CF_USER_TEXT_ENCODING' => '0x1F5:0:86
',
  'escape_flag' => '1',
  'rvm_prefix' => '/Users/farandal',
  'PATH' => '/Library/Frameworks/Python.framework/Versions/2.7/bin:/opt/local/bin:/opt/local/sbin:/opt/local/bin:/opt/local/sbin:/Users/farandal/.rvm/gems/ruby-1.9.3-p194/bin:/Users/farandal/.rvm/gems/ruby-1.9.3-p194@global/bin:/Users/farandal/.rvm/rubies/ruby-1.9.3-p194/bin:/Users/farandal/.rvm/bin:/usr/bin:/bin:/usr/sbin:/sbin:/usr/local/bin:/usr/X11/bin:/Applications/XAMMP/xammpfiles/bin:/Applications/XAMPP/xamppfiles/bin/mysql:/Users/farandal/android-sdk-macosx/tools',
  '_' => '/usr/bin/php',
  'PWD' => '/Users/farandal/Speedelo/public',
  '_second' => '1',
  'rvm_version' => '1.14.1 (stable)',
  'HOME' => '/Users/farandal',
  'SHLVL' => '2',
  'LOGNAME' => 'farandal',
  '_first' => '0',
  'LC_CTYPE' => 'UTF-8',
  'GEM_PATH' => '/Users/farandal/.rvm/gems/ruby-1.9.3-p194:/Users/farandal/.rvm/gems/ruby-1.9.3-p194@global',
  'DISPLAY' => '/tmp/launch-avDxng/org.x:0',
  'SECURITYSESSIONID' => '186a5',
  'RUBY_VERSION' => 'ruby-1.9.3-p194',
  'PHP_SELF' => '/Users/farandal/Speedelo/YiiBackboneBoilerplate/common/lib/../../yiic',
  'SCRIPT_NAME' => '/Users/farandal/Speedelo/YiiBackboneBoilerplate/common/lib/../../yiic',
  'SCRIPT_FILENAME' => '/Users/farandal/Speedelo/YiiBackboneBoilerplate/common/lib/../../yiic',
  'PATH_TRANSLATED' => '/Users/farandal/Speedelo/YiiBackboneBoilerplate/common/lib/../../yiic',
  'DOCUMENT_ROOT' => '',
  'REQUEST_TIME' => 1350328557,
  'argv' => 
  array (
    0 => '/Users/farandal/Speedelo/YiiBackboneBoilerplate/common/lib/../../yiic',
    1 => 'migrate',
    2 => '--interactive=0',
  ),
  'argc' => 3,
)
2012/10/15 19:15:57 [error] [exception.CDbException] exception 'CDbException' with message 'CDbConnection.connectionString cannot be empty.' in /Users/farandal/Speedelo/YiiBackboneBoilerplate/common/lib/Yii/db/CDbConnection.php:370
Stack trace:
#0 /Users/farandal/Speedelo/YiiBackboneBoilerplate/common/lib/Yii/db/CDbConnection.php(331): CDbConnection->open()
#1 /Users/farandal/Speedelo/YiiBackboneBoilerplate/common/lib/Yii/db/CDbConnection.php(309): CDbConnection->setActive(true)
#2 /Users/farandal/Speedelo/YiiBackboneBoilerplate/common/lib/Yii/base/CModule.php(388): CDbConnection->init()
#3 /Users/farandal/Speedelo/YiiBackboneBoilerplate/common/lib/Yii/cli/commands/MigrateCommand.php(443): CModule->getComponent('db')
#4 /Users/farandal/Speedelo/YiiBackboneBoilerplate/common/lib/Yii/cli/commands/MigrateCommand.php(452): MigrateCommand->getDbConnection()
#5 /Users/farandal/Speedelo/YiiBackboneBoilerplate/common/lib/Yii/cli/commands/MigrateCommand.php(483): MigrateCommand->getMigrationHistory(-1)
#6 /Users/farandal/Speedelo/YiiBackboneBoilerplate/common/lib/Yii/cli/commands/MigrateCommand.php(85): MigrateCommand->getNewMigrations()
#7 [internal function]: MigrateCommand->actionUp(Array)
#8 /Users/farandal/Speedelo/YiiBackboneBoilerplate/common/lib/Yii/console/CConsoleCommand.php(173): ReflectionMethod->invokeArgs(Object(MigrateCommand), Array)
#9 /Users/farandal/Speedelo/YiiBackboneBoilerplate/common/lib/Yii/console/CConsoleCommandRunner.php(68): CConsoleCommand->run(Array)
#10 /Users/farandal/Speedelo/YiiBackboneBoilerplate/common/lib/Yii/console/CConsoleApplication.php(92): CConsoleCommandRunner->run(Array)
#11 /Users/farandal/Speedelo/YiiBackboneBoilerplate/common/lib/Yii/base/CApplication.php(162): CConsoleApplication->processRequest()
#12 /Users/farandal/Speedelo/YiiBackboneBoilerplate/common/lib/Yii/yiic.php(34): CApplication->run()
#13 /Users/farandal/Speedelo/YiiBackboneBoilerplate/console/yiic.php(15): require_once('/Users/farandal...')
#14 /Users/farandal/Speedelo/YiiBackboneBoilerplate/yiic(3): require_once('/Users/farandal...')
#15 {main}
---
